<?xml version="1.0" encoding="UTF-8" ?>
<testsuite failures="0" time="0.164" errors="0" skipped="0" tests="1" name="de.schdef.slashcoding.recipeboard.presentation.web.JsonTest">
  <properties>
    <property name="java.runtime.name" value="Java(TM) SE Runtime Environment"/>
    <property name="sun.boot.library.path" value="C:\Program Files\Java\jdk1.6.0_20\jre\bin"/>
    <property name="java.vm.version" value="16.3-b01"/>
    <property name="java.vm.vendor" value="Sun Microsystems Inc."/>
    <property name="java.vendor.url" value="http://java.sun.com/"/>
    <property name="path.separator" value=";"/>
    <property name="java.vm.name" value="Java HotSpot(TM) 64-Bit Server VM"/>
    <property name="file.encoding.pkg" value="sun.io"/>
    <property name="user.country" value="DE"/>
    <property name="sun.java.launcher" value="SUN_STANDARD"/>
    <property name="sun.os.patch.level" value="Service Pack 1"/>
    <property name="java.vm.specification.name" value="Java Virtual Machine Specification"/>
    <property name="user.dir" value="E:\newc\git\schdef\recipeboard"/>
    <property name="java.runtime.version" value="1.6.0_20-b02"/>
    <property name="java.awt.graphicsenv" value="sun.awt.Win32GraphicsEnvironment"/>
    <property name="basedir" value="E:\newc\git\schdef\recipeboard"/>
    <property name="java.endorsed.dirs" value="C:\Program Files\Java\jdk1.6.0_20\jre\lib\endorsed"/>
    <property name="os.arch" value="amd64"/>
    <property name="surefire.real.class.path" value="C:\Users\Stefan\AppData\Local\Temp\surefirebooter3390437352061104107.jar"/>
    <property name="java.io.tmpdir" value="C:\Users\Stefan\AppData\Local\Temp\"/>
    <property name="line.separator" value="
"/>
    <property name="java.vm.specification.vendor" value="Sun Microsystems Inc."/>
    <property name="user.variant" value=""/>
    <property name="os.name" value="Windows 7"/>
    <property name="sun.jnu.encoding" value="Cp1252"/>
    <property name="java.library.path" value="C:\Program Files\Java\jdk1.6.0_20\jre\bin;.;C:\Windows\Sun\Java\bin;C:\Windows\system32;C:\Windows;E:\newc\cygwin\usr\local\bin;E:\newc\cygwin\bin;E:\newc\cygwin\bin;E:\newc\cygwin\usr\X11R6\bin;C:\Program Files\Common Files\Microsoft Shared\Windows Live;C:\Program Files (x86)\Common Files\Microsoft Shared\Windows Live;C:\Program Files (x86)\ATI Stream\bin\x86_64;C:\Program Files (x86)\ATI Stream\bin\x86;C:\Program Files (x86)\NVIDIA Corporation\PhysX\Common;C:\Program Files\Java\jdk1.6.0_20\bin;E:\newc\software\oraclexepress\app\oracle\product\10.2.0\server\bin;C:\Windows\system32;C:\Windows;C:\Windows\System32\Wbem;C:\Windows\System32\WindowsPowerShell\v1.0;E:\newc\software\maven\bin;C:\Program Files (x86)\Common Files\Teleca Shared;C:\Program Files (x86)\ATI Technologies\ATI.ACE\Core-Static;C:\Program Files (x86)\Windows Live\Shared;C:\Program Files (x86)\Calibre2;E:\newc\software\apache-ant-1.8.2\bin;E:\newc\software\Android\android-sdk\platform-tools;E:\newc\ruby-workspace\rubygems-1.8.17\bin;C:\Program Files (x86)\QuickTime\QTSystem;E:\newc\ruby-workspace\Ruby187\bin;E:\newc\software\android-sdk-windows\tools"/>
    <property name="surefire.test.class.path" value="E:\newc\git\schdef\recipeboard\target\test-classes;E:\newc\git\schdef\recipeboard\target\classes;e:\newc\.m2\repository\org\springframework\spring-context\3.0.6.RELEASE\spring-context-3.0.6.RELEASE.jar;e:\newc\.m2\repository\org\springframework\spring-aop\3.0.6.RELEASE\spring-aop-3.0.6.RELEASE.jar;e:\newc\.m2\repository\org\springframework\spring-expression\3.0.6.RELEASE\spring-expression-3.0.6.RELEASE.jar;e:\newc\.m2\repository\org\springframework\spring-asm\3.0.6.RELEASE\spring-asm-3.0.6.RELEASE.jar;e:\newc\.m2\repository\org\springframework\spring-core\3.0.6.RELEASE\spring-core-3.0.6.RELEASE.jar;e:\newc\.m2\repository\org\springframework\spring-web\3.0.6.RELEASE\spring-web-3.0.6.RELEASE.jar;e:\newc\.m2\repository\aopalliance\aopalliance\1.0\aopalliance-1.0.jar;e:\newc\.m2\repository\org\springframework\spring-webmvc\3.0.6.RELEASE\spring-webmvc-3.0.6.RELEASE.jar;e:\newc\.m2\repository\org\springframework\spring-context-support\3.0.6.RELEASE\spring-context-support-3.0.6.RELEASE.jar;e:\newc\.m2\repository\org\springframework\spring-beans\3.0.6.RELEASE\spring-beans-3.0.6.RELEASE.jar;e:\newc\.m2\repository\org\springframework\spring-oxm\3.0.6.RELEASE\spring-oxm-3.0.6.RELEASE.jar;e:\newc\.m2\repository\javax\servlet\servlet-api\2.5\servlet-api-2.5.jar;e:\newc\.m2\repository\com\google\collections\google-collections\1.0-rc4\google-collections-1.0-rc4.jar;e:\newc\.m2\repository\com\google\code\gson\gson\2.2.2\gson-2.2.2.jar;e:\newc\.m2\repository\com\itextpdf\itextpdf\5.1.3\itextpdf-5.1.3.jar;e:\newc\.m2\repository\com\itextpdf\tool\xmlworker\1.1.1\xmlworker-1.1.1.jar;e:\newc\.m2\repository\jtidy\jtidy\4aug2000r7-dev\jtidy-4aug2000r7-dev.jar;e:\newc\.m2\repository\org\jsoup\jsoup\1.6.2\jsoup-1.6.2.jar;e:\newc\.m2\repository\net\sourceforge\htmlunit\htmlunit\2.9\htmlunit-2.9.jar;e:\newc\.m2\repository\xalan\xalan\2.7.1\xalan-2.7.1.jar;e:\newc\.m2\repository\xalan\serializer\2.7.1\serializer-2.7.1.jar;e:\newc\.m2\repository\commons-collections\commons-collections\3.2.1\commons-collections-3.2.1.jar;e:\newc\.m2\repository\commons-lang\commons-lang\2.6\commons-lang-2.6.jar;e:\newc\.m2\repository\org\apache\httpcomponents\httpclient\4.1.2\httpclient-4.1.2.jar;e:\newc\.m2\repository\org\apache\httpcomponents\httpcore\4.1.2\httpcore-4.1.2.jar;e:\newc\.m2\repository\org\apache\httpcomponents\httpmime\4.1.2\httpmime-4.1.2.jar;e:\newc\.m2\repository\commons-codec\commons-codec\1.4\commons-codec-1.4.jar;e:\newc\.m2\repository\net\sourceforge\htmlunit\htmlunit-core-js\2.9\htmlunit-core-js-2.9.jar;e:\newc\.m2\repository\xerces\xercesImpl\2.9.1\xercesImpl-2.9.1.jar;e:\newc\.m2\repository\xml-apis\xml-apis\1.3.04\xml-apis-1.3.04.jar;e:\newc\.m2\repository\net\sourceforge\nekohtml\nekohtml\1.9.15\nekohtml-1.9.15.jar;e:\newc\.m2\repository\net\sourceforge\cssparser\cssparser\0.9.5\cssparser-0.9.5.jar;e:\newc\.m2\repository\org\w3c\css\sac\1.3\sac-1.3.jar;e:\newc\.m2\repository\commons-io\commons-io\2.0.1\commons-io-2.0.1.jar;e:\newc\.m2\repository\junit\junit\4.10\junit-4.10.jar;e:\newc\.m2\repository\org\hamcrest\hamcrest-core\1.1\hamcrest-core-1.1.jar;e:\newc\.m2\repository\org\hsqldb\hsqldb\1.8.0.10\hsqldb-1.8.0.10.jar;e:\newc\.m2\repository\log4j\log4j\1.2.12\log4j-1.2.12.jar;e:\newc\.m2\repository\commons-logging\commons-logging\1.1.1\commons-logging-1.1.1.jar;"/>
    <property name="java.specification.name" value="Java Platform API Specification"/>
    <property name="java.class.version" value="50.0"/>
    <property name="sun.management.compiler" value="HotSpot 64-Bit Server Compiler"/>
    <property name="os.version" value="6.1"/>
    <property name="user.home" value="C:\Users\Stefan"/>
    <property name="user.timezone" value=""/>
    <property name="java.awt.printerjob" value="sun.awt.windows.WPrinterJob"/>
    <property name="java.specification.version" value="1.6"/>
    <property name="file.encoding" value="Cp1252"/>
    <property name="user.name" value="Stefan"/>
    <property name="java.class.path" value="E:\newc\git\schdef\recipeboard\target\test-classes;E:\newc\git\schdef\recipeboard\target\classes;e:\newc\.m2\repository\org\springframework\spring-context\3.0.6.RELEASE\spring-context-3.0.6.RELEASE.jar;e:\newc\.m2\repository\org\springframework\spring-aop\3.0.6.RELEASE\spring-aop-3.0.6.RELEASE.jar;e:\newc\.m2\repository\org\springframework\spring-expression\3.0.6.RELEASE\spring-expression-3.0.6.RELEASE.jar;e:\newc\.m2\repository\org\springframework\spring-asm\3.0.6.RELEASE\spring-asm-3.0.6.RELEASE.jar;e:\newc\.m2\repository\org\springframework\spring-core\3.0.6.RELEASE\spring-core-3.0.6.RELEASE.jar;e:\newc\.m2\repository\org\springframework\spring-web\3.0.6.RELEASE\spring-web-3.0.6.RELEASE.jar;e:\newc\.m2\repository\aopalliance\aopalliance\1.0\aopalliance-1.0.jar;e:\newc\.m2\repository\org\springframework\spring-webmvc\3.0.6.RELEASE\spring-webmvc-3.0.6.RELEASE.jar;e:\newc\.m2\repository\org\springframework\spring-context-support\3.0.6.RELEASE\spring-context-support-3.0.6.RELEASE.jar;e:\newc\.m2\repository\org\springframework\spring-beans\3.0.6.RELEASE\spring-beans-3.0.6.RELEASE.jar;e:\newc\.m2\repository\org\springframework\spring-oxm\3.0.6.RELEASE\spring-oxm-3.0.6.RELEASE.jar;e:\newc\.m2\repository\javax\servlet\servlet-api\2.5\servlet-api-2.5.jar;e:\newc\.m2\repository\com\google\collections\google-collections\1.0-rc4\google-collections-1.0-rc4.jar;e:\newc\.m2\repository\com\google\code\gson\gson\2.2.2\gson-2.2.2.jar;e:\newc\.m2\repository\com\itextpdf\itextpdf\5.1.3\itextpdf-5.1.3.jar;e:\newc\.m2\repository\com\itextpdf\tool\xmlworker\1.1.1\xmlworker-1.1.1.jar;e:\newc\.m2\repository\jtidy\jtidy\4aug2000r7-dev\jtidy-4aug2000r7-dev.jar;e:\newc\.m2\repository\org\jsoup\jsoup\1.6.2\jsoup-1.6.2.jar;e:\newc\.m2\repository\net\sourceforge\htmlunit\htmlunit\2.9\htmlunit-2.9.jar;e:\newc\.m2\repository\xalan\xalan\2.7.1\xalan-2.7.1.jar;e:\newc\.m2\repository\xalan\serializer\2.7.1\serializer-2.7.1.jar;e:\newc\.m2\repository\commons-collections\commons-collections\3.2.1\commons-collections-3.2.1.jar;e:\newc\.m2\repository\commons-lang\commons-lang\2.6\commons-lang-2.6.jar;e:\newc\.m2\repository\org\apache\httpcomponents\httpclient\4.1.2\httpclient-4.1.2.jar;e:\newc\.m2\repository\org\apache\httpcomponents\httpcore\4.1.2\httpcore-4.1.2.jar;e:\newc\.m2\repository\org\apache\httpcomponents\httpmime\4.1.2\httpmime-4.1.2.jar;e:\newc\.m2\repository\commons-codec\commons-codec\1.4\commons-codec-1.4.jar;e:\newc\.m2\repository\net\sourceforge\htmlunit\htmlunit-core-js\2.9\htmlunit-core-js-2.9.jar;e:\newc\.m2\repository\xerces\xercesImpl\2.9.1\xercesImpl-2.9.1.jar;e:\newc\.m2\repository\xml-apis\xml-apis\1.3.04\xml-apis-1.3.04.jar;e:\newc\.m2\repository\net\sourceforge\nekohtml\nekohtml\1.9.15\nekohtml-1.9.15.jar;e:\newc\.m2\repository\net\sourceforge\cssparser\cssparser\0.9.5\cssparser-0.9.5.jar;e:\newc\.m2\repository\org\w3c\css\sac\1.3\sac-1.3.jar;e:\newc\.m2\repository\commons-io\commons-io\2.0.1\commons-io-2.0.1.jar;e:\newc\.m2\repository\junit\junit\4.10\junit-4.10.jar;e:\newc\.m2\repository\org\hamcrest\hamcrest-core\1.1\hamcrest-core-1.1.jar;e:\newc\.m2\repository\org\hsqldb\hsqldb\1.8.0.10\hsqldb-1.8.0.10.jar;e:\newc\.m2\repository\log4j\log4j\1.2.12\log4j-1.2.12.jar;e:\newc\.m2\repository\commons-logging\commons-logging\1.1.1\commons-logging-1.1.1.jar;"/>
    <property name="java.vm.specification.version" value="1.0"/>
    <property name="sun.arch.data.model" value="64"/>
    <property name="java.home" value="C:\Program Files\Java\jdk1.6.0_20\jre"/>
    <property name="java.specification.vendor" value="Sun Microsystems Inc."/>
    <property name="user.language" value="de"/>
    <property name="awt.toolkit" value="sun.awt.windows.WToolkit"/>
    <property name="java.vm.info" value="mixed mode"/>
    <property name="java.version" value="1.6.0_20"/>
    <property name="java.ext.dirs" value="C:\Program Files\Java\jdk1.6.0_20\jre\lib\ext;C:\Windows\Sun\Java\lib\ext"/>
    <property name="sun.boot.class.path" value="C:\Program Files\Java\jdk1.6.0_20\jre\lib\resources.jar;C:\Program Files\Java\jdk1.6.0_20\jre\lib\rt.jar;C:\Program Files\Java\jdk1.6.0_20\jre\lib\sunrsasign.jar;C:\Program Files\Java\jdk1.6.0_20\jre\lib\jsse.jar;C:\Program Files\Java\jdk1.6.0_20\jre\lib\jce.jar;C:\Program Files\Java\jdk1.6.0_20\jre\lib\charsets.jar;C:\Program Files\Java\jdk1.6.0_20\jre\classes"/>
    <property name="java.vendor" value="Sun Microsystems Inc."/>
    <property name="localRepository" value="e:\newc\.m2\repository"/>
    <property name="file.separator" value="\"/>
    <property name="java.vendor.url.bug" value="http://java.sun.com/cgi-bin/bugreport.cgi"/>
    <property name="sun.cpu.endian" value="little"/>
    <property name="sun.io.unicode.encoding" value="UnicodeLittle"/>
    <property name="sun.desktop" value="windows"/>
    <property name="sun.cpu.isalist" value="amd64"/>
  </properties>
  <testcase time="0.12" classname="de.schdef.slashcoding.recipeboard.presentation.web.JsonTest" name="test"/>
</testsuite>